  main.cpp
d:\cprojects\gabonengine\gabonengine\math\ogremath.h(235): error C2589: “(”:“::”右边的非法标记
  d:\cprojects\gabonengine\gabonengine\math\ogrevector3.h(602): note: 参见对正在编译的函数 模板 实例化“T Ogre::Math::Clamp<float>(T,T,T)”的引用
          with
          [
              T=float
          ]
d:\cprojects\gabonengine\gabonengine\math\ogremath.h(235): error C2059: 语法错误:“::”
  TextureShader.cpp
d:\cprojects\gabonengine\gabonengine\textureshader.cpp(337): warning C4244: “=”: 从“SIZE_T”转换到“unsigned long”，可能丢失数据
d:\cprojects\gabonengine\gabonengine\math\ogremath.h(235): error C2589: “(”:“::”右边的非法标记
  d:\cprojects\gabonengine\gabonengine\math\ogrevector3.h(602): note: 参见对正在编译的函数 模板 实例化“T Ogre::Math::Clamp<float>(T,T,T)”的引用
          with
          [
              T=float
          ]
d:\cprojects\gabonengine\gabonengine\math\ogremath.h(235): error C2059: 语法错误:“::”
  ShaderManager.cpp
d:\cprojects\gabonengine\gabonengine\math\ogremath.h(235): error C2589: “(”:“::”右边的非法标记
  d:\cprojects\gabonengine\gabonengine\math\ogrevector3.h(602): note: 参见对正在编译的函数 模板 实例化“T Ogre::Math::Clamp<float>(T,T,T)”的引用
          with
          [
              T=float
          ]
d:\cprojects\gabonengine\gabonengine\math\ogremath.h(235): error C2059: 语法错误:“::”
  ModelObject.cpp
d:\cprojects\gabonengine\gabonengine\modelobject.cpp(4): fatal error C1083: 无法打开包括文件: “fbxsdk.h”: No such file or directory
  ModelManager.cpp
d:\cprojects\gabonengine\gabonengine\math\ogremath.h(235): error C2589: “(”:“::”右边的非法标记
  d:\cprojects\gabonengine\gabonengine\math\ogrevector3.h(602): note: 参见对正在编译的函数 模板 实例化“T Ogre::Math::Clamp<float>(T,T,T)”的引用
          with
          [
              T=float
          ]
d:\cprojects\gabonengine\gabonengine\math\ogremath.h(235): error C2059: 语法错误:“::”
  MainApp.cpp
d:\cprojects\gabonengine\gabonengine\math\ogremath.h(235): error C2589: “(”:“::”右边的非法标记
  d:\cprojects\gabonengine\gabonengine\math\ogrevector3.h(602): note: 参见对正在编译的函数 模板 实例化“T Ogre::Math::Clamp<float>(T,T,T)”的引用
          with
          [
              T=float
          ]
d:\cprojects\gabonengine\gabonengine\math\ogremath.h(235): error C2059: 语法错误:“::”
  Light.cpp
d:\cprojects\gabonengine\gabonengine\math\ogremath.h(235): error C2589: “(”:“::”右边的非法标记
  d:\cprojects\gabonengine\gabonengine\math\ogrevector3.h(602): note: 参见对正在编译的函数 模板 实例化“T Ogre::Math::Clamp<float>(T,T,T)”的引用
          with
          [
              T=float
          ]
d:\cprojects\gabonengine\gabonengine\math\ogremath.h(235): error C2059: 语法错误:“::”
  Camera.cpp
d:\cprojects\gabonengine\gabonengine\math\ogremath.h(235): error C2589: “(”:“::”右边的非法标记
  d:\cprojects\gabonengine\gabonengine\math\ogrevector3.h(602): note: 参见对正在编译的函数 模板 实例化“T Ogre::Math::Clamp<float>(T,T,T)”的引用
          with
          [
              T=float
          ]
d:\cprojects\gabonengine\gabonengine\math\ogremath.h(235): error C2059: 语法错误:“::”
  正在生成代码...
